2024-01-15 08:00:00 [INFO] AppServer: Application started successfully
2024-01-15 08:01:00 [INFO] DatabaseService: Database connection pool initialized
2024-01-15 08:02:00 [DEBUG] ConfigLoader: Loading configuration from /etc/app/config.yaml
2024-01-15 08:03:00 [DEBUG] ConfigLoader: Configuration validation passed
2024-01-15 08:04:00 [INFO] CacheService: Redis cache connection established
2024-01-15 08:05:00 [INFO] AuthService: OAuth provider configuration loaded
2024-01-15 08:06:00 [WARN] CacheService: Cache memory usage at 75% capacity
2024-01-15 08:07:00 [INFO] SchedulerService: Cron jobs registered successfully
2024-01-15 08:08:00 [DEBUG] AppServer: Health check endpoint responding normally
2024-01-15 08:09:00 [INFO] UserService: User session cleanup completed
2024-01-15 08:10:00 [ERROR] PaymentService: Failed to connect to payment gateway
2024-01-15 08:15:00 [INFO] UserService: User logged in (user_id=42)
2024-01-15 08:20:00 [INFO] UserService: User logged in (user_id=108)
2024-01-15 08:25:00 [DEBUG] DatabaseService: Query execution time 45ms for users table
2024-01-15 08:30:00 [INFO] NotificationService: Email notification queued for user_id=42
2024-01-15 08:35:00 [WARN] AuthService: Failed login attempt for user_id=999
2024-01-15 08:40:00 [INFO] UserService: Profile updated for user_id=108
2024-01-15 08:45:00 [DEBUG] CacheService: Cache hit ratio at 92%
2024-01-15 08:50:00 [INFO] FileService: File uploaded successfully (size=2.4MB)
2024-01-15 08:55:00 [ERROR] DatabaseService: Connection timeout after 30s
2024-01-15 09:00:00 [INFO] AppServer: Incoming request batch processing started
2024-01-15 09:02:00 [INFO] UserService: User logged in (user_id=205)
2024-01-15 09:05:00 [DEBUG] SchedulerService: Running scheduled data sync task
2024-01-15 09:08:00 [INFO] NotificationService: Push notification sent to 15 devices
2024-01-15 09:10:00 [WARN] PaymentService: Payment retry scheduled for order_id=1042
2024-01-15 09:12:00 [INFO] UserService: User logged out (user_id=42)
2024-01-15 09:15:00 [INFO] SearchService: Index rebuild completed in 4.2s
2024-01-15 09:18:00 [DEBUG] DatabaseService: Connection pool usage at 60%
2024-01-15 09:20:00 [ERROR] AuthService: Token validation failed for expired session
2024-01-15 09:22:00 [INFO] FileService: Thumbnail generation completed for 8 images
2024-01-15 09:25:00 [INFO] UserService: User registered (user_id=312)
2024-01-15 09:28:00 [WARN] AppServer: Request queue depth exceeding threshold
2024-01-15 09:30:00 [INFO] PaymentService: Payment processed for order_id=1043
2024-01-15 09:32:00 [DEBUG] CacheService: Evicting stale cache entries
2024-01-15 09:35:00 [INFO] NotificationService: SMS notification sent to user_id=205
2024-01-15 09:38:00 [INFO] UserService: User logged in (user_id=78)
2024-01-15 09:40:00 [ERROR] FileService: Disk space critically low on volume /data
2024-01-15 09:42:00 [DEBUG] ConfigLoader: Hot-reloading configuration changes
2024-01-15 09:45:00 [INFO] DatabaseService: Slow query detected (execution time 1200ms)
2024-01-15 09:48:00 [WARN] AuthService: Suspicious login pattern detected for user_id=78
2024-01-15 09:50:00 [INFO] AppServer: Graceful connection draining initiated
2024-01-15 09:52:00 [INFO] UserService: Password changed for user_id=312
2024-01-15 09:55:00 [DEBUG] SchedulerService: Task queue depth is 3
2024-01-15 09:58:00 [INFO] SearchService: Search query processed in 120ms
2024-01-15 10:00:00 [INFO] AppServer: Peak traffic period started
2024-01-15 10:02:00 [INFO] UserService: User logged in (user_id=456)
2024-01-15 10:05:00 [WARN] DatabaseService: Replication lag detected (2.5s behind primary)
2024-01-15 10:08:00 [INFO] PaymentService: Refund processed for order_id=1038
2024-01-15 10:10:00 [DEBUG] CacheService: Cache warming completed for product catalog
2024-01-15 10:12:00 [ERROR] NotificationService: Email delivery failed for user_id=108
2024-01-15 10:15:00 [INFO] UserService: User logged in (user_id=589)
2024-01-15 10:18:00 [INFO] FileService: Batch file processing completed (42 files)
2024-01-15 10:20:00 [DEBUG] DatabaseService: Analyzing query execution plans
2024-01-15 10:22:00 [INFO] AuthService: Two-factor authentication enabled for user_id=456
2024-01-15 10:25:00 [WARN] AppServer: Memory usage approaching 80% threshold
2024-01-15 10:28:00 [INFO] UserService: User session extended for user_id=589
2024-01-15 10:30:00 [INFO] SchedulerService: Backup job initiated
2024-01-15 10:32:00 [ERROR] PaymentService: Transaction declined by issuing bank
2024-01-15 10:35:00 [DEBUG] ConfigLoader: Feature flag evaluation for rollout_v2
2024-01-15 10:38:00 [INFO] NotificationService: Webhook delivered to 3 endpoints
2024-01-15 10:40:00 [INFO] UserService: User logged out (user_id=205)
2024-01-15 10:42:00 [INFO] SearchService: Autocomplete index updated
2024-01-15 10:45:00 [WARN] CacheService: Cache eviction rate increasing
2024-01-15 10:48:00 [INFO] DatabaseService: Read replica promoted to primary
2024-01-15 10:50:00 [DEBUG] AppServer: Connection keep-alive timeout adjusted
2024-01-15 10:52:00 [INFO] UserService: Bulk user import completed (25 users)
2024-01-15 10:55:00 [INFO] PaymentService: Subscription renewal processed for user_id=42
2024-01-15 10:58:00 [ERROR] AuthService: LDAP connection refused
2024-01-15 11:00:00 [INFO] AppServer: Deploying version 2.4.1
2024-01-15 11:02:00 [DEBUG] SchedulerService: Pausing scheduled tasks during deployment
2024-01-15 11:05:00 [INFO] DatabaseService: Running database migration 047
2024-01-15 11:08:00 [INFO] UserService: User logged in (user_id=701)
2024-01-15 11:10:00 [WARN] FileService: Upload rate limit applied to user_id=701
2024-01-15 11:12:00 [INFO] NotificationService: Digest email compiled for 150 users
2024-01-15 11:15:00 [DEBUG] CacheService: Cache cluster rebalancing initiated
2024-01-15 11:18:00 [INFO] AuthService: API key rotated for service account
2024-01-15 11:20:00 [ERROR] DatabaseService: Deadlock detected on transactions table
2024-01-15 11:22:00 [INFO] UserService: User profile image updated (user_id=456)
2024-01-15 11:25:00 [INFO] PaymentService: Daily settlement report generated
2024-01-15 11:28:00 [DEBUG] AppServer: Thread pool utilization at 45%
2024-01-15 11:30:00 [WARN] AuthService: Rate limit exceeded for IP 192.168.1.100
2024-01-15 11:32:00 [INFO] SearchService: Full-text search index optimized
2024-01-15 11:35:00 [INFO] UserService: User deactivated (user_id=999)
2024-01-15 11:38:00 [ERROR] NotificationService: SMS gateway unreachable
2024-01-15 11:40:00 [DEBUG] ConfigLoader: Environment variable override applied
2024-01-15 11:42:00 [INFO] FileService: Storage cleanup freed 1.2GB
2024-01-15 11:45:00 [INFO] DatabaseService: Query cache invalidated
2024-01-15 11:48:00 [WARN] PaymentService: Currency conversion rate stale
2024-01-15 11:50:00 [INFO] UserService: User logged in (user_id=42)
2024-01-15 11:52:00 [INFO] SchedulerService: Report generation task completed
2024-01-15 11:55:00 [DEBUG] CacheService: Distributed lock acquired for batch job
2024-01-15 11:58:00 [INFO] AppServer: Health check passed all subsystems
2024-01-15 12:00:00 [INFO] NotificationService: Marketing campaign emails dispatched
2024-01-15 12:05:00 [ERROR] FileService: Corrupted file detected during integrity check
2024-01-15 12:10:00 [INFO] UserService: User logged in (user_id=890)
2024-01-15 12:15:00 [WARN] DatabaseService: Long-running query detected (5200ms)
2024-01-15 12:20:00 [DEBUG] AuthService: Session token refresh for 12 active sessions
2024-01-15 12:25:00 [INFO] PaymentService: Batch payout processed for 8 merchants
2024-01-15 12:30:00 [INFO] UserService: User preferences updated (user_id=890)
2024-01-15 12:35:00 [INFO] SearchService: Synonym dictionary reloaded
2024-01-15 12:40:00 [WARN] AppServer: SSL certificate expiring in 14 days
2024-01-15 12:45:00 [DEBUG] SchedulerService: Cleanup task removed 340 expired tokens
2024-01-15 12:50:00 [INFO] FileService: CDN cache purge completed
2024-01-15 12:55:00 [INFO] DatabaseService: Connection pool resized to 50
2024-01-15 13:00:00 [INFO] UserService: User logged out (user_id=701)
2024-01-15 13:05:00 [ERROR] AuthService: Certificate pinning validation failed
2024-01-15 13:10:00 [DEBUG] CacheService: Memory fragmentation analysis completed
2024-01-15 13:15:00 [INFO] NotificationService: In-app notification delivered to 45 users
2024-01-15 13:20:00 [INFO] UserService: User logged in (user_id=1024)
2024-01-15 13:25:00 [WARN] PaymentService: Duplicate transaction attempt blocked
2024-01-15 13:30:00 [INFO] AppServer: API rate limiting reconfigured
2024-01-15 13:35:00 [INFO] DatabaseService: Vacuum operation completed on orders table
2024-01-15 13:40:00 [DEBUG] FileService: Calculating storage usage per tenant
2024-01-15 13:45:00 [INFO] UserService: Account merge completed (user_id=78 into user_id=456)
2024-01-15 13:50:00 [INFO] SchedulerService: Data archival job started
2024-01-15 13:55:00 [WARN] AuthService: Brute force protection triggered for user_id=1024
